[debug] [2020-09-13T17:34:38.988Z] ----------------------------------------------------------------------
[debug] [2020-09-13T17:34:38.991Z] Command:       C:\Program Files\nodejs\node.exe C:\Users\ayush.malik\AppData\Roaming\npm\node_modules\firebase-tools\lib\bin\firebase.js emulators:start
[debug] [2020-09-13T17:34:38.992Z] CLI Version:   8.7.0
[debug] [2020-09-13T17:34:38.992Z] Platform:      win32
[debug] [2020-09-13T17:34:38.992Z] Node Version:  v14.8.0
[debug] [2020-09-13T17:34:38.996Z] Time:          Sun Sep 13 2020 23:04:38 GMT+0530 (India Standard Time)
[debug] [2020-09-13T17:34:38.997Z] ----------------------------------------------------------------------
[debug] [2020-09-13T17:34:38.997Z] 
[debug] [2020-09-13T17:34:39.048Z] > command requires scopes: ["email","openid","https://www.googleapis.com/auth/cloudplatformprojects.readonly","https://www.googleapis.com/auth/firebase","https://www.googleapis.com/auth/cloud-platform"]
[debug] [2020-09-13T17:34:39.050Z] > authorizing via signed-in user
[info] i  emulators: Starting emulators: functions, hosting {"metadata":{"emulator":{"name":"hub"},"message":"Starting emulators: functions, hosting"}}
[debug] [2020-09-13T17:34:40.102Z] [hub] writing locator at C:\Users\AYUSH~1.MAL\AppData\Local\Temp\hub-amzon-clone.json
[debug] [2020-09-13T17:34:41.151Z] defaultcredentials: writing to file C:\Users\ayush.malik\AppData\Roaming\firebase\ayushmalik397_gmail_com_application_default_credentials.json
[debug] [2020-09-13T17:34:41.155Z] Setting GAC to C:\Users\ayush.malik\AppData\Roaming\firebase\ayushmalik397_gmail_com_application_default_credentials.json {"metadata":{"emulator":{"name":"functions"},"message":"Setting GAC to C:\\Users\\ayush.malik\\AppData\\Roaming\\firebase\\ayushmalik397_gmail_com_application_default_credentials.json"}}
[warn] !  functions: The following emulators are not running, calls to these services from the Functions emulator will affect production: firestore, database, pubsub {"metadata":{"emulator":{"name":"functions"},"message":"The following emulators are not running, calls to these services from the Functions emulator will affect production: \u001b[1mfirestore, database, pubsub\u001b[22m"}}
[warn] !  Your requested "node" version "10" doesn't match your global version "14" {"metadata":{"emulator":{"name":"functions"},"message":"Your requested \"node\" version \"10\" doesn't match your global version \"14\""}}
[debug] [2020-09-13T17:34:42.209Z] > refreshing access token with scopes: ["email","https://www.googleapis.com/auth/cloud-platform","https://www.googleapis.com/auth/cloudplatformprojects.readonly","https://www.googleapis.com/auth/firebase","openid"]
[debug] [2020-09-13T17:34:42.209Z] >>> HTTP REQUEST POST https://www.googleapis.com/oauth2/v3/token  
 <request body omitted>
[debug] [2020-09-13T17:34:43.008Z] <<< HTTP RESPONSE 200 {"content-type":"application/json; charset=utf-8","vary":"X-Origin, Referer, Origin,Accept-Encoding","date":"Sun, 13 Sep 2020 17:34:42 GMT","server":"scaffolding on HTTPServer2","cache-control":"private","x-xss-protection":"0","x-frame-options":"SAMEORIGIN","x-content-type-options":"nosniff","alt-svc":"h3-29=\":443\"; ma=2592000,h3-27=\":443\"; ma=2592000,h3-T051=\":443\"; ma=2592000,h3-T050=\":443\"; ma=2592000,h3-Q050=\":443\"; ma=2592000,h3-Q046=\":443\"; ma=2592000,h3-Q043=\":443\"; ma=2592000,quic=\":443\"; ma=2592000; v=\"46,43\"","accept-ranges":"none","transfer-encoding":"chunked"}
[debug] [2020-09-13T17:34:43.778Z] >>> HTTP REQUEST GET https://firebase.googleapis.com/v1beta1/projects/amzon-clone/webApps/-/config  
 
[debug] [2020-09-13T17:34:45.437Z] <<< HTTP RESPONSE 200 {"content-type":"application/json; charset=UTF-8","vary":"X-Origin, Referer, Origin,Accept-Encoding","date":"Sun, 13 Sep 2020 17:34:45 GMT","server":"ESF","cache-control":"private","x-xss-protection":"0","x-frame-options":"SAMEORIGIN","x-content-type-options":"nosniff","alt-svc":"h3-29=\":443\"; ma=2592000,h3-27=\":443\"; ma=2592000,h3-T051=\":443\"; ma=2592000,h3-T050=\":443\"; ma=2592000,h3-Q050=\":443\"; ma=2592000,h3-Q046=\":443\"; ma=2592000,h3-Q043=\":443\"; ma=2592000,quic=\":443\"; ma=2592000; v=\"46,43\"","accept-ranges":"none","transfer-encoding":"chunked"}
[info] i  hosting: Serving hosting files from: build {"metadata":{"emulator":{"name":"hosting"},"message":"Serving hosting files from: \u001b[1mbuild\u001b[22m"}}
[info] +  hosting: Local server: http://localhost:5000 {"metadata":{"emulator":{"name":"hosting"},"message":"Local server: \u001b[4m\u001b[1mhttp://localhost:5000\u001b[22m\u001b[24m"}}
[debug] [2020-09-13T17:34:47.758Z] Ignoring unsupported arg: auto_download {"metadata":{"emulator":{"name":"ui"},"message":"Ignoring unsupported arg: auto_download"}}
[debug] [2020-09-13T17:34:47.759Z] Ignoring unsupported arg: port {"metadata":{"emulator":{"name":"ui"},"message":"Ignoring unsupported arg: port"}}
[debug] [2020-09-13T17:34:47.759Z] Starting Emulator UI with command {"binary":"node","args":["C:\\Users\\ayush.malik\\.cache\\firebase\\emulators\\ui-v1.1.1\\server.bundle.js"],"optionalArgs":[],"joinArgs":false} {"metadata":{"emulator":{"name":"ui"},"message":"Starting Emulator UI with command {\"binary\":\"node\",\"args\":[\"C:\\\\Users\\\\ayush.malik\\\\.cache\\\\firebase\\\\emulators\\\\ui-v1.1.1\\\\server.bundle.js\"],\"optionalArgs\":[],\"joinArgs\":false}"}}
[info] i  ui: Emulator UI logging to ui-debug.log {"metadata":{"emulator":{"name":"ui"},"message":"Emulator UI logging to \u001b[1mui-debug.log\u001b[22m"}}
[debug] [2020-09-13T17:34:48.150Z] Web / API server started at http://localhost:4000
 {"metadata":{"emulator":{"name":"ui"},"message":"Web / API server started at http://localhost:4000\n"}}
[info] i  functions: Watching "C:\Users\ayush.malik\Desktop\amazon-clone-react\functions" for Cloud Functions... {"metadata":{"emulator":{"name":"functions"},"message":"Watching \"C:\\Users\\ayush.malik\\Desktop\\amazon-clone-react\\functions\" for Cloud Functions..."}}
[debug] [2020-09-13T17:34:48.365Z] [worker-pool] addWorker(~diagnostic~) {"metadata":{"emulator":{"name":"functions"},"message":"[worker-pool] addWorker(~diagnostic~)"}}
[debug] [2020-09-13T17:34:48.366Z] [worker-pool] Adding worker with key ~diagnostic~, total=1 {"metadata":{"emulator":{"name":"functions"},"message":"[worker-pool] Adding worker with key ~diagnostic~, total=1"}}
[debug] [2020-09-13T17:34:48.366Z] [worker-pool] submitWork(triggerId=) {"metadata":{"emulator":{"name":"functions"},"message":"[worker-pool] submitWork(triggerId=)"}}
[debug] [2020-09-13T17:34:48.367Z] [worker-~diagnostic~-56af078e-eeda-4238-b139-51c7fa629064]: Assigning socketPath: \\?\pipe\C:\Users\ayush.malik\Desktop\amazon-clone-react\functions\32744 {"metadata":{"emulator":{"name":"functions"},"message":"[worker-~diagnostic~-56af078e-eeda-4238-b139-51c7fa629064]: Assigning socketPath: \\\\?\\pipe\\C:\\Users\\ayush.malik\\Desktop\\amazon-clone-react\\functions\\32744"}}
[debug] [2020-09-13T17:34:48.368Z] [worker-~diagnostic~-56af078e-eeda-4238-b139-51c7fa629064]: BUSY {"metadata":{"emulator":{"name":"functions"},"message":"[worker-~diagnostic~-56af078e-eeda-4238-b139-51c7fa629064]: BUSY"}}
[debug] [2020-09-13T17:34:49.879Z] [runtime-status] [32744] Functions runtime initialized. {"cwd":"C:\\Users\\ayush.malik\\Desktop\\amazon-clone-react\\functions","node_version":"14.8.0"} {"metadata":{"emulator":{"name":"functions"},"message":"[runtime-status] [32744] Functions runtime initialized. {\"cwd\":\"C:\\\\Users\\\\ayush.malik\\\\Desktop\\\\amazon-clone-react\\\\functions\",\"node_version\":\"14.8.0\"}"}}
[debug] [2020-09-13T17:34:49.886Z] [runtime-status] [32744] Disabled runtime features: undefined {"metadata":{"emulator":{"name":"functions"},"message":"[runtime-status] [32744] Disabled runtime features: undefined"}}
[debug] [2020-09-13T17:34:49.895Z] [runtime-status] [32744] Resolved module firebase-admin {"declared":true,"installed":true,"version":"8.13.0","resolution":"C:\\Users\\ayush.malik\\Desktop\\amazon-clone-react\\functions\\node_modules\\firebase-admin\\lib\\index.js"} {"metadata":{"emulator":{"name":"functions"},"message":"[runtime-status] [32744] Resolved module firebase-admin {\"declared\":true,\"installed\":true,\"version\":\"8.13.0\",\"resolution\":\"C:\\\\Users\\\\ayush.malik\\\\Desktop\\\\amazon-clone-react\\\\functions\\\\node_modules\\\\firebase-admin\\\\lib\\\\index.js\"}"}}
[debug] [2020-09-13T17:34:49.906Z] [runtime-status] [32744] Resolved module firebase-functions {"declared":true,"installed":true,"version":"3.11.0","resolution":"C:\\Users\\ayush.malik\\Desktop\\amazon-clone-react\\functions\\node_modules\\firebase-functions\\lib\\index.js"} {"metadata":{"emulator":{"name":"functions"},"message":"[runtime-status] [32744] Resolved module firebase-functions {\"declared\":true,\"installed\":true,\"version\":\"3.11.0\",\"resolution\":\"C:\\\\Users\\\\ayush.malik\\\\Desktop\\\\amazon-clone-react\\\\functions\\\\node_modules\\\\firebase-functions\\\\lib\\\\index.js\"}"}}
[debug] [2020-09-13T17:34:49.912Z] [runtime-status] [32744] Resolved module firebase-functions {"declared":true,"installed":true,"version":"3.11.0","resolution":"C:\\Users\\ayush.malik\\Desktop\\amazon-clone-react\\functions\\node_modules\\firebase-functions\\lib\\index.js"} {"metadata":{"emulator":{"name":"functions"},"message":"[runtime-status] [32744] Resolved module firebase-functions {\"declared\":true,\"installed\":true,\"version\":\"3.11.0\",\"resolution\":\"C:\\\\Users\\\\ayush.malik\\\\Desktop\\\\amazon-clone-react\\\\functions\\\\node_modules\\\\firebase-functions\\\\lib\\\\index.js\"}"}}
[debug] [2020-09-13T17:34:49.914Z] [runtime-status] [32744] Outgoing network have been stubbed. [{"name":"http","status":"mocked"},{"name":"http","status":"mocked"},{"name":"https","status":"mocked"},{"name":"https","status":"mocked"},{"name":"net","status":"mocked"}] {"metadata":{"emulator":{"name":"functions"},"message":"[runtime-status] [32744] Outgoing network have been stubbed. [{\"name\":\"http\",\"status\":\"mocked\"},{\"name\":\"http\",\"status\":\"mocked\"},{\"name\":\"https\",\"status\":\"mocked\"},{\"name\":\"https\",\"status\":\"mocked\"},{\"name\":\"net\",\"status\":\"mocked\"}]"}}
[debug] [2020-09-13T17:34:49.916Z] [runtime-status] [32744] Resolved module firebase-functions {"declared":true,"installed":true,"version":"3.11.0","resolution":"C:\\Users\\ayush.malik\\Desktop\\amazon-clone-react\\functions\\node_modules\\firebase-functions\\lib\\index.js"} {"metadata":{"emulator":{"name":"functions"},"message":"[runtime-status] [32744] Resolved module firebase-functions {\"declared\":true,\"installed\":true,\"version\":\"3.11.0\",\"resolution\":\"C:\\\\Users\\\\ayush.malik\\\\Desktop\\\\amazon-clone-react\\\\functions\\\\node_modules\\\\firebase-functions\\\\lib\\\\index.js\"}"}}
[debug] [2020-09-13T17:34:50.031Z] [runtime-status] [32744] Checked functions.config() {"config":{}} {"metadata":{"emulator":{"name":"functions"},"message":"[runtime-status] [32744] Checked functions.config() {\"config\":{}}"}}
[debug] [2020-09-13T17:34:50.031Z] [runtime-status] [32744] firebase-functions has been stubbed. {"functionsResolution":{"declared":true,"installed":true,"version":"3.11.0","resolution":"C:\\Users\\ayush.malik\\Desktop\\amazon-clone-react\\functions\\node_modules\\firebase-functions\\lib\\index.js"}} {"metadata":{"emulator":{"name":"functions"},"message":"[runtime-status] [32744] firebase-functions has been stubbed. {\"functionsResolution\":{\"declared\":true,\"installed\":true,\"version\":\"3.11.0\",\"resolution\":\"C:\\\\Users\\\\ayush.malik\\\\Desktop\\\\amazon-clone-react\\\\functions\\\\node_modules\\\\firebase-functions\\\\lib\\\\index.js\"}}"}}
[debug] [2020-09-13T17:34:50.033Z] [runtime-status] [32744] Resolved module firebase-functions {"declared":true,"installed":true,"version":"3.11.0","resolution":"C:\\Users\\ayush.malik\\Desktop\\amazon-clone-react\\functions\\node_modules\\firebase-functions\\lib\\index.js"} {"metadata":{"emulator":{"name":"functions"},"message":"[runtime-status] [32744] Resolved module firebase-functions {\"declared\":true,\"installed\":true,\"version\":\"3.11.0\",\"resolution\":\"C:\\\\Users\\\\ayush.malik\\\\Desktop\\\\amazon-clone-react\\\\functions\\\\node_modules\\\\firebase-functions\\\\lib\\\\index.js\"}"}}
[debug] [2020-09-13T17:34:50.036Z] [runtime-status] [32744] Resolved module firebase-admin {"declared":true,"installed":true,"version":"8.13.0","resolution":"C:\\Users\\ayush.malik\\Desktop\\amazon-clone-react\\functions\\node_modules\\firebase-admin\\lib\\index.js"} {"metadata":{"emulator":{"name":"functions"},"message":"[runtime-status] [32744] Resolved module firebase-admin {\"declared\":true,\"installed\":true,\"version\":\"8.13.0\",\"resolution\":\"C:\\\\Users\\\\ayush.malik\\\\Desktop\\\\amazon-clone-react\\\\functions\\\\node_modules\\\\firebase-admin\\\\lib\\\\index.js\"}"}}
[debug] [2020-09-13T17:34:50.038Z] [runtime-status] [32744] Resolved module firebase-functions {"declared":true,"installed":true,"version":"3.11.0","resolution":"C:\\Users\\ayush.malik\\Desktop\\amazon-clone-react\\functions\\node_modules\\firebase-functions\\lib\\index.js"} {"metadata":{"emulator":{"name":"functions"},"message":"[runtime-status] [32744] Resolved module firebase-functions {\"declared\":true,\"installed\":true,\"version\":\"3.11.0\",\"resolution\":\"C:\\\\Users\\\\ayush.malik\\\\Desktop\\\\amazon-clone-react\\\\functions\\\\node_modules\\\\firebase-functions\\\\lib\\\\index.js\"}"}}
[debug] [2020-09-13T17:34:50.039Z] [runtime-status] [32744] firebase-admin has been stubbed. {"adminResolution":{"declared":true,"installed":true,"version":"8.13.0","resolution":"C:\\Users\\ayush.malik\\Desktop\\amazon-clone-react\\functions\\node_modules\\firebase-admin\\lib\\index.js"}} {"metadata":{"emulator":{"name":"functions"},"message":"[runtime-status] [32744] firebase-admin has been stubbed. {\"adminResolution\":{\"declared\":true,\"installed\":true,\"version\":\"8.13.0\",\"resolution\":\"C:\\\\Users\\\\ayush.malik\\\\Desktop\\\\amazon-clone-react\\\\functions\\\\node_modules\\\\firebase-admin\\\\lib\\\\index.js\"}}"}}
[info] +  functions[api]: http function initialized (http://localhost:5001/amzon-clone/us-central1/api). {"metadata":{"emulator":{"name":"functions"},"message":"\u001b[1mhttp\u001b[22m function initialized (http://localhost:5001/amzon-clone/us-central1/api)."}}
[info] 
┌───────────────────────────────────────────────────────────────────────┐
│ ✔  All emulators ready! View status and logs at http://localhost:4000 │
└───────────────────────────────────────────────────────────────────────┘

┌───────────┬────────────────┬─────────────────────────────────┐
│ Emulator  │ Host:Port      │ View in Emulator UI             │
├───────────┼────────────────┼─────────────────────────────────┤
│ Functions │ localhost:5001 │ http://localhost:4000/functions │
├───────────┼────────────────┼─────────────────────────────────┤
│ Hosting   │ localhost:5000 │ n/a                             │
└───────────┴────────────────┴─────────────────────────────────┘
  Other reserved ports: 4400, 4500

Issues? Report them at https://github.com/firebase/firebase-tools/issues and attach the *-debug.log files.
 
[debug] [2020-09-13T17:34:50.577Z] [worker-~diagnostic~-56af078e-eeda-4238-b139-51c7fa629064]: IDLE {"metadata":{"emulator":{"name":"functions"},"message":"[worker-~diagnostic~-56af078e-eeda-4238-b139-51c7fa629064]: IDLE"}}
[debug] [2020-09-13T17:37:56.347Z] [work-queue] {"queueLength":1,"workRunningCount":0}
[debug] [2020-09-13T17:37:56.348Z] [work-queue] {"queueLength":0,"workRunningCount":1}
[debug] [2020-09-13T17:37:56.349Z] Accepted request GET /amzon-clone/us-central1/api --> api
[debug] [2020-09-13T17:37:56.376Z] [worker-pool] addWorker(api) {"metadata":{"emulator":{"name":"functions"},"message":"[worker-pool] addWorker(api)"}}
[debug] [2020-09-13T17:37:56.377Z] [worker-pool] Adding worker with key api, total=1 {"metadata":{"emulator":{"name":"functions"},"message":"[worker-pool] Adding worker with key api, total=1"}}
[debug] [2020-09-13T17:37:56.377Z] [worker-pool] submitWork(triggerId=api) {"metadata":{"emulator":{"name":"functions"},"message":"[worker-pool] submitWork(triggerId=api)"}}
[debug] [2020-09-13T17:37:56.377Z] [worker-api-6195c39e-7c7b-4de4-8bec-be9ef3c08ba8]: Assigning socketPath: \\?\pipe\C:\Users\ayush.malik\Desktop\amazon-clone-react\functions\32120 {"metadata":{"emulator":{"name":"functions"},"message":"[worker-api-6195c39e-7c7b-4de4-8bec-be9ef3c08ba8]: Assigning socketPath: \\\\?\\pipe\\C:\\Users\\ayush.malik\\Desktop\\amazon-clone-react\\functions\\32120"}}
[debug] [2020-09-13T17:37:56.379Z] [worker-api-6195c39e-7c7b-4de4-8bec-be9ef3c08ba8]: BUSY {"metadata":{"emulator":{"name":"functions"},"message":"[worker-api-6195c39e-7c7b-4de4-8bec-be9ef3c08ba8]: BUSY"}}
[debug] [2020-09-13T17:37:57.941Z] [runtime-status] [32120] Functions runtime initialized. {"cwd":"C:\\Users\\ayush.malik\\Desktop\\amazon-clone-react\\functions","node_version":"14.8.0"} {"metadata":{"emulator":{"name":"functions"},"function":{"name":"api"},"message":"[runtime-status] [32120] Functions runtime initialized. {\"cwd\":\"C:\\\\Users\\\\ayush.malik\\\\Desktop\\\\amazon-clone-react\\\\functions\",\"node_version\":\"14.8.0\"}"}}
[debug] [2020-09-13T17:37:57.964Z] [runtime-status] [32120] Disabled runtime features: undefined {"metadata":{"emulator":{"name":"functions"},"function":{"name":"api"},"message":"[runtime-status] [32120] Disabled runtime features: undefined"}}
[debug] [2020-09-13T17:37:57.980Z] [runtime-status] [32120] Resolved module firebase-admin {"declared":true,"installed":true,"version":"8.13.0","resolution":"C:\\Users\\ayush.malik\\Desktop\\amazon-clone-react\\functions\\node_modules\\firebase-admin\\lib\\index.js"} {"metadata":{"emulator":{"name":"functions"},"function":{"name":"api"},"message":"[runtime-status] [32120] Resolved module firebase-admin {\"declared\":true,\"installed\":true,\"version\":\"8.13.0\",\"resolution\":\"C:\\\\Users\\\\ayush.malik\\\\Desktop\\\\amazon-clone-react\\\\functions\\\\node_modules\\\\firebase-admin\\\\lib\\\\index.js\"}"}}
[debug] [2020-09-13T17:37:57.987Z] [runtime-status] [32120] Resolved module firebase-functions {"declared":true,"installed":true,"version":"3.11.0","resolution":"C:\\Users\\ayush.malik\\Desktop\\amazon-clone-react\\functions\\node_modules\\firebase-functions\\lib\\index.js"} {"metadata":{"emulator":{"name":"functions"},"function":{"name":"api"},"message":"[runtime-status] [32120] Resolved module firebase-functions {\"declared\":true,\"installed\":true,\"version\":\"3.11.0\",\"resolution\":\"C:\\\\Users\\\\ayush.malik\\\\Desktop\\\\amazon-clone-react\\\\functions\\\\node_modules\\\\firebase-functions\\\\lib\\\\index.js\"}"}}
[debug] [2020-09-13T17:37:57.996Z] [runtime-status] [32120] Resolved module firebase-functions {"declared":true,"installed":true,"version":"3.11.0","resolution":"C:\\Users\\ayush.malik\\Desktop\\amazon-clone-react\\functions\\node_modules\\firebase-functions\\lib\\index.js"} {"metadata":{"emulator":{"name":"functions"},"function":{"name":"api"},"message":"[runtime-status] [32120] Resolved module firebase-functions {\"declared\":true,\"installed\":true,\"version\":\"3.11.0\",\"resolution\":\"C:\\\\Users\\\\ayush.malik\\\\Desktop\\\\amazon-clone-react\\\\functions\\\\node_modules\\\\firebase-functions\\\\lib\\\\index.js\"}"}}
[debug] [2020-09-13T17:37:58.000Z] [runtime-status] [32120] Outgoing network have been stubbed. [{"name":"http","status":"mocked"},{"name":"http","status":"mocked"},{"name":"https","status":"mocked"},{"name":"https","status":"mocked"},{"name":"net","status":"mocked"}] {"metadata":{"emulator":{"name":"functions"},"function":{"name":"api"},"message":"[runtime-status] [32120] Outgoing network have been stubbed. [{\"name\":\"http\",\"status\":\"mocked\"},{\"name\":\"http\",\"status\":\"mocked\"},{\"name\":\"https\",\"status\":\"mocked\"},{\"name\":\"https\",\"status\":\"mocked\"},{\"name\":\"net\",\"status\":\"mocked\"}]"}}
[debug] [2020-09-13T17:37:58.002Z] [runtime-status] [32120] Resolved module firebase-functions {"declared":true,"installed":true,"version":"3.11.0","resolution":"C:\\Users\\ayush.malik\\Desktop\\amazon-clone-react\\functions\\node_modules\\firebase-functions\\lib\\index.js"} {"metadata":{"emulator":{"name":"functions"},"function":{"name":"api"},"message":"[runtime-status] [32120] Resolved module firebase-functions {\"declared\":true,\"installed\":true,\"version\":\"3.11.0\",\"resolution\":\"C:\\\\Users\\\\ayush.malik\\\\Desktop\\\\amazon-clone-react\\\\functions\\\\node_modules\\\\firebase-functions\\\\lib\\\\index.js\"}"}}
[debug] [2020-09-13T17:37:58.150Z] [runtime-status] [32120] Checked functions.config() {"config":{}} {"metadata":{"emulator":{"name":"functions"},"function":{"name":"api"},"message":"[runtime-status] [32120] Checked functions.config() {\"config\":{}}"}}
[debug] [2020-09-13T17:37:58.151Z] [runtime-status] [32120] firebase-functions has been stubbed. {"functionsResolution":{"declared":true,"installed":true,"version":"3.11.0","resolution":"C:\\Users\\ayush.malik\\Desktop\\amazon-clone-react\\functions\\node_modules\\firebase-functions\\lib\\index.js"}} {"metadata":{"emulator":{"name":"functions"},"function":{"name":"api"},"message":"[runtime-status] [32120] firebase-functions has been stubbed. {\"functionsResolution\":{\"declared\":true,\"installed\":true,\"version\":\"3.11.0\",\"resolution\":\"C:\\\\Users\\\\ayush.malik\\\\Desktop\\\\amazon-clone-react\\\\functions\\\\node_modules\\\\firebase-functions\\\\lib\\\\index.js\"}}"}}
[debug] [2020-09-13T17:37:58.153Z] [runtime-status] [32120] Resolved module firebase-functions {"declared":true,"installed":true,"version":"3.11.0","resolution":"C:\\Users\\ayush.malik\\Desktop\\amazon-clone-react\\functions\\node_modules\\firebase-functions\\lib\\index.js"} {"metadata":{"emulator":{"name":"functions"},"function":{"name":"api"},"message":"[runtime-status] [32120] Resolved module firebase-functions {\"declared\":true,\"installed\":true,\"version\":\"3.11.0\",\"resolution\":\"C:\\\\Users\\\\ayush.malik\\\\Desktop\\\\amazon-clone-react\\\\functions\\\\node_modules\\\\firebase-functions\\\\lib\\\\index.js\"}"}}
[debug] [2020-09-13T17:37:58.157Z] [runtime-status] [32120] Resolved module firebase-admin {"declared":true,"installed":true,"version":"8.13.0","resolution":"C:\\Users\\ayush.malik\\Desktop\\amazon-clone-react\\functions\\node_modules\\firebase-admin\\lib\\index.js"} {"metadata":{"emulator":{"name":"functions"},"function":{"name":"api"},"message":"[runtime-status] [32120] Resolved module firebase-admin {\"declared\":true,\"installed\":true,\"version\":\"8.13.0\",\"resolution\":\"C:\\\\Users\\\\ayush.malik\\\\Desktop\\\\amazon-clone-react\\\\functions\\\\node_modules\\\\firebase-admin\\\\lib\\\\index.js\"}"}}
[debug] [2020-09-13T17:37:58.161Z] [runtime-status] [32120] Resolved module firebase-functions {"declared":true,"installed":true,"version":"3.11.0","resolution":"C:\\Users\\ayush.malik\\Desktop\\amazon-clone-react\\functions\\node_modules\\firebase-functions\\lib\\index.js"} {"metadata":{"emulator":{"name":"functions"},"function":{"name":"api"},"message":"[runtime-status] [32120] Resolved module firebase-functions {\"declared\":true,\"installed\":true,\"version\":\"3.11.0\",\"resolution\":\"C:\\\\Users\\\\ayush.malik\\\\Desktop\\\\amazon-clone-react\\\\functions\\\\node_modules\\\\firebase-functions\\\\lib\\\\index.js\"}"}}
[debug] [2020-09-13T17:37:58.161Z] [runtime-status] [32120] firebase-admin has been stubbed. {"adminResolution":{"declared":true,"installed":true,"version":"8.13.0","resolution":"C:\\Users\\ayush.malik\\Desktop\\amazon-clone-react\\functions\\node_modules\\firebase-admin\\lib\\index.js"}} {"metadata":{"emulator":{"name":"functions"},"function":{"name":"api"},"message":"[runtime-status] [32120] firebase-admin has been stubbed. {\"adminResolution\":{\"declared\":true,\"installed\":true,\"version\":\"8.13.0\",\"resolution\":\"C:\\\\Users\\\\ayush.malik\\\\Desktop\\\\amazon-clone-react\\\\functions\\\\node_modules\\\\firebase-admin\\\\lib\\\\index.js\"}}"}}
[debug] [2020-09-13T17:37:58.793Z] [runtime-status] [32120] Trigger "api" has been found, beginning invocation! {"metadata":{"emulator":{"name":"functions"},"function":{"name":"api"},"message":"[runtime-status] [32120] Trigger \"api\" has been found, beginning invocation!"}}
[info] i  functions: Beginning execution of "api" {"metadata":{"emulator":{"name":"functions"},"function":{"name":"api"},"message":"Beginning execution of \"api\""}}
[debug] [2020-09-13T17:37:58.797Z] [runtime-status] [32120] triggerDefinition {"httpsTrigger":{},"name":"api","entryPoint":"api"} {"metadata":{"emulator":{"name":"functions"},"function":{"name":"api"},"message":"[runtime-status] [32120] triggerDefinition {\"httpsTrigger\":{},\"name\":\"api\",\"entryPoint\":\"api\"}"}}
[debug] [2020-09-13T17:37:58.798Z] [runtime-status] [32120] Running api in mode HTTPS {"metadata":{"emulator":{"name":"functions"},"function":{"name":"api"},"message":"[runtime-status] [32120] Running api in mode HTTPS"}}
[debug] [2020-09-13T17:37:58.808Z] [runtime-status] [32120] Attempting to listen to socketPath: \\?\pipe\C:\Users\ayush.malik\Desktop\amazon-clone-react\functions\32120 {"metadata":{"emulator":{"name":"functions"},"function":{"name":"api"},"message":"[runtime-status] [32120] Attempting to listen to socketPath: \\\\?\\pipe\\C:\\Users\\ayush.malik\\Desktop\\amazon-clone-react\\functions\\32120"}}
[debug] [2020-09-13T17:37:58.819Z] [functions] Runtime ready! Sending request! {"metadata":{"emulator":{"name":"functions"},"message":"[functions] Runtime ready! Sending request!"}}
[debug] [2020-09-13T17:37:58.832Z] [runtime-status] [32120] Ephemeral server handling GET request {"metadata":{"emulator":{"name":"functions"},"function":{"name":"api"},"message":"[runtime-status] [32120] Ephemeral server handling GET request"}}
[debug] [2020-09-13T17:37:58.843Z] [runtime-status] [32120] Ephemeral server survived. {"metadata":{"emulator":{"name":"functions"},"function":{"name":"api"},"message":"[runtime-status] [32120] Ephemeral server survived."}}
[info] i  functions: Finished "api" in ~1s {"metadata":{"emulator":{"name":"functions"},"function":{"name":"api"},"message":"Finished \"api\" in ~1s"}}
[debug] [2020-09-13T17:37:58.852Z] [worker-api-6195c39e-7c7b-4de4-8bec-be9ef3c08ba8]: IDLE {"metadata":{"emulator":{"name":"functions"},"message":"[worker-api-6195c39e-7c7b-4de4-8bec-be9ef3c08ba8]: IDLE"}}
[debug] [2020-09-13T17:37:58.853Z] [work-queue] {"queueLength":0,"workRunningCount":0}
[debug] [2020-09-13T17:41:14.099Z] [work-queue] {"queueLength":1,"workRunningCount":0}
[debug] [2020-09-13T17:41:14.100Z] [work-queue] {"queueLength":0,"workRunningCount":1}
[debug] [2020-09-13T17:41:14.101Z] Accepted request POST /amzon-clone/us-central1/api/payments/create?total=2157 --> api
[debug] [2020-09-13T17:41:14.101Z] [worker-pool] submitWork(triggerId=api) {"metadata":{"emulator":{"name":"functions"},"message":"[worker-pool] submitWork(triggerId=api)"}}
[debug] [2020-09-13T17:41:14.102Z] [worker-api-6195c39e-7c7b-4de4-8bec-be9ef3c08ba8]: Assigning socketPath: \\?\pipe\C:\Users\ayush.malik\Desktop\amazon-clone-react\functions\32120 {"metadata":{"emulator":{"name":"functions"},"message":"[worker-api-6195c39e-7c7b-4de4-8bec-be9ef3c08ba8]: Assigning socketPath: \\\\?\\pipe\\C:\\Users\\ayush.malik\\Desktop\\amazon-clone-react\\functions\\32120"}}
[debug] [2020-09-13T17:41:14.102Z] [worker-api-6195c39e-7c7b-4de4-8bec-be9ef3c08ba8]: BUSY {"metadata":{"emulator":{"name":"functions"},"message":"[worker-api-6195c39e-7c7b-4de4-8bec-be9ef3c08ba8]: BUSY"}}
[debug] [2020-09-13T17:41:14.105Z] [runtime-status] [32120] Trigger "api" has been found, beginning invocation! {"metadata":{"emulator":{"name":"functions"},"function":{"name":"api"},"message":"[runtime-status] [32120] Trigger \"api\" has been found, beginning invocation!"}}
[info] i  functions: Beginning execution of "api" {"metadata":{"emulator":{"name":"functions"},"function":{"name":"api"},"message":"Beginning execution of \"api\""}}
[debug] [2020-09-13T17:41:14.108Z] [runtime-status] [32120] triggerDefinition {"httpsTrigger":{},"name":"api","entryPoint":"api"} {"metadata":{"emulator":{"name":"functions"},"function":{"name":"api"},"message":"[runtime-status] [32120] triggerDefinition {\"httpsTrigger\":{},\"name\":\"api\",\"entryPoint\":\"api\"}"}}
[debug] [2020-09-13T17:41:14.109Z] [runtime-status] [32120] Running api in mode HTTPS {"metadata":{"emulator":{"name":"functions"},"function":{"name":"api"},"message":"[runtime-status] [32120] Running api in mode HTTPS"}}
[debug] [2020-09-13T17:41:14.110Z] [runtime-status] [32120] Attempting to listen to socketPath: \\?\pipe\C:\Users\ayush.malik\Desktop\amazon-clone-react\functions\32120 {"metadata":{"emulator":{"name":"functions"},"function":{"name":"api"},"message":"[runtime-status] [32120] Attempting to listen to socketPath: \\\\?\\pipe\\C:\\Users\\ayush.malik\\Desktop\\amazon-clone-react\\functions\\32120"}}
[debug] [2020-09-13T17:41:14.118Z] [functions] Runtime ready! Sending request! {"metadata":{"emulator":{"name":"functions"},"message":"[functions] Runtime ready! Sending request!"}}
[debug] [2020-09-13T17:41:14.127Z] [runtime-status] [32120] Ephemeral server handling POST request {"metadata":{"emulator":{"name":"functions"},"function":{"name":"api"},"message":"[runtime-status] [32120] Ephemeral server handling POST request"}}
[debug] [2020-09-13T17:41:14.133Z] [runtime-status] [32120] Ephemeral server survived. {"metadata":{"emulator":{"name":"functions"},"function":{"name":"api"},"message":"[runtime-status] [32120] Ephemeral server survived."}}
[info] i  functions: Finished "api" in ~1s {"metadata":{"emulator":{"name":"functions"},"function":{"name":"api"},"message":"Finished \"api\" in ~1s"}}
[debug] [2020-09-13T17:41:14.143Z] [worker-api-6195c39e-7c7b-4de4-8bec-be9ef3c08ba8]: IDLE {"metadata":{"emulator":{"name":"functions"},"message":"[worker-api-6195c39e-7c7b-4de4-8bec-be9ef3c08ba8]: IDLE"}}
[debug] [2020-09-13T17:41:14.143Z] [work-queue] {"queueLength":0,"workRunningCount":0}
[debug] [2020-09-13T17:41:32.468Z] [work-queue] {"queueLength":1,"workRunningCount":0}
[debug] [2020-09-13T17:41:32.469Z] [work-queue] {"queueLength":0,"workRunningCount":1}
[debug] [2020-09-13T17:41:32.469Z] Accepted request GET /amzon-clone/us-central1/api --> api
[debug] [2020-09-13T17:41:32.469Z] [worker-pool] submitWork(triggerId=api) {"metadata":{"emulator":{"name":"functions"},"message":"[worker-pool] submitWork(triggerId=api)"}}
[debug] [2020-09-13T17:41:32.470Z] [worker-api-6195c39e-7c7b-4de4-8bec-be9ef3c08ba8]: Assigning socketPath: \\?\pipe\C:\Users\ayush.malik\Desktop\amazon-clone-react\functions\32120 {"metadata":{"emulator":{"name":"functions"},"message":"[worker-api-6195c39e-7c7b-4de4-8bec-be9ef3c08ba8]: Assigning socketPath: \\\\?\\pipe\\C:\\Users\\ayush.malik\\Desktop\\amazon-clone-react\\functions\\32120"}}
[debug] [2020-09-13T17:41:32.470Z] [worker-api-6195c39e-7c7b-4de4-8bec-be9ef3c08ba8]: BUSY {"metadata":{"emulator":{"name":"functions"},"message":"[worker-api-6195c39e-7c7b-4de4-8bec-be9ef3c08ba8]: BUSY"}}
[debug] [2020-09-13T17:41:32.471Z] [runtime-status] [32120] Trigger "api" has been found, beginning invocation! {"metadata":{"emulator":{"name":"functions"},"function":{"name":"api"},"message":"[runtime-status] [32120] Trigger \"api\" has been found, beginning invocation!"}}
[info] i  functions: Beginning execution of "api" {"metadata":{"emulator":{"name":"functions"},"function":{"name":"api"},"message":"Beginning execution of \"api\""}}
[debug] [2020-09-13T17:41:32.473Z] [runtime-status] [32120] triggerDefinition {"httpsTrigger":{},"name":"api","entryPoint":"api"} {"metadata":{"emulator":{"name":"functions"},"function":{"name":"api"},"message":"[runtime-status] [32120] triggerDefinition {\"httpsTrigger\":{},\"name\":\"api\",\"entryPoint\":\"api\"}"}}
[debug] [2020-09-13T17:41:32.473Z] [runtime-status] [32120] Running api in mode HTTPS {"metadata":{"emulator":{"name":"functions"},"function":{"name":"api"},"message":"[runtime-status] [32120] Running api in mode HTTPS"}}
[debug] [2020-09-13T17:41:32.476Z] [runtime-status] [32120] Attempting to listen to socketPath: \\?\pipe\C:\Users\ayush.malik\Desktop\amazon-clone-react\functions\32120 {"metadata":{"emulator":{"name":"functions"},"function":{"name":"api"},"message":"[runtime-status] [32120] Attempting to listen to socketPath: \\\\?\\pipe\\C:\\Users\\ayush.malik\\Desktop\\amazon-clone-react\\functions\\32120"}}
[debug] [2020-09-13T17:41:32.479Z] [functions] Runtime ready! Sending request! {"metadata":{"emulator":{"name":"functions"},"message":"[functions] Runtime ready! Sending request!"}}
[debug] [2020-09-13T17:41:32.486Z] [runtime-status] [32120] Ephemeral server handling GET request {"metadata":{"emulator":{"name":"functions"},"function":{"name":"api"},"message":"[runtime-status] [32120] Ephemeral server handling GET request"}}
[debug] [2020-09-13T17:41:32.488Z] [runtime-status] [32120] Ephemeral server survived. {"metadata":{"emulator":{"name":"functions"},"function":{"name":"api"},"message":"[runtime-status] [32120] Ephemeral server survived."}}
[info] i  functions: Finished "api" in ~1s {"metadata":{"emulator":{"name":"functions"},"function":{"name":"api"},"message":"Finished \"api\" in ~1s"}}
[debug] [2020-09-13T17:41:32.491Z] [worker-api-6195c39e-7c7b-4de4-8bec-be9ef3c08ba8]: IDLE {"metadata":{"emulator":{"name":"functions"},"message":"[worker-api-6195c39e-7c7b-4de4-8bec-be9ef3c08ba8]: IDLE"}}
[debug] [2020-09-13T17:41:32.492Z] [work-queue] {"queueLength":0,"workRunningCount":0}
[debug] [2020-09-13T17:42:21.286Z] File C:\Users\ayush.malik\Desktop\amazon-clone-react\functions\index.js changed, reloading triggers {"metadata":{"emulator":{"name":"functions"},"message":"File C:\\Users\\ayush.malik\\Desktop\\amazon-clone-react\\functions\\index.js changed, reloading triggers"}}
[debug] [2020-09-13T17:42:22.287Z] [worker-pool] Shutting down IDLE worker (~diagnostic~) {"metadata":{"emulator":{"name":"functions"},"message":"[worker-pool] Shutting down IDLE worker (~diagnostic~)"}}
[debug] [2020-09-13T17:42:22.287Z] [worker-~diagnostic~-56af078e-eeda-4238-b139-51c7fa629064]: FINISHING {"metadata":{"emulator":{"name":"functions"},"message":"[worker-~diagnostic~-56af078e-eeda-4238-b139-51c7fa629064]: FINISHING"}}
[debug] [2020-09-13T17:42:22.289Z] [worker-pool] Shutting down IDLE worker (api) {"metadata":{"emulator":{"name":"functions"},"message":"[worker-pool] Shutting down IDLE worker (api)"}}
[debug] [2020-09-13T17:42:22.289Z] [worker-api-6195c39e-7c7b-4de4-8bec-be9ef3c08ba8]: FINISHING {"metadata":{"emulator":{"name":"functions"},"message":"[worker-api-6195c39e-7c7b-4de4-8bec-be9ef3c08ba8]: FINISHING"}}
[debug] [2020-09-13T17:42:22.324Z] [worker-pool] addWorker(~diagnostic~) {"metadata":{"emulator":{"name":"functions"},"message":"[worker-pool] addWorker(~diagnostic~)"}}
[debug] [2020-09-13T17:42:22.324Z] [worker-pool] Adding worker with key ~diagnostic~, total=2 {"metadata":{"emulator":{"name":"functions"},"message":"[worker-pool] Adding worker with key ~diagnostic~, total=2"}}
[debug] [2020-09-13T17:42:22.325Z] [worker-pool] submitWork(triggerId=) {"metadata":{"emulator":{"name":"functions"},"message":"[worker-pool] submitWork(triggerId=)"}}
[debug] [2020-09-13T17:42:22.325Z] [worker-~diagnostic~-f677628f-f3a4-4076-9fbc-df57b8095dcf]: Assigning socketPath: \\?\pipe\C:\Users\ayush.malik\Desktop\amazon-clone-react\functions\22620 {"metadata":{"emulator":{"name":"functions"},"message":"[worker-~diagnostic~-f677628f-f3a4-4076-9fbc-df57b8095dcf]: Assigning socketPath: \\\\?\\pipe\\C:\\Users\\ayush.malik\\Desktop\\amazon-clone-react\\functions\\22620"}}
[debug] [2020-09-13T17:42:22.325Z] [worker-~diagnostic~-f677628f-f3a4-4076-9fbc-df57b8095dcf]: BUSY {"metadata":{"emulator":{"name":"functions"},"message":"[worker-~diagnostic~-f677628f-f3a4-4076-9fbc-df57b8095dcf]: BUSY"}}
[debug] [2020-09-13T17:42:22.344Z] [worker-~diagnostic~-56af078e-eeda-4238-b139-51c7fa629064]: exited {"metadata":{"emulator":{"name":"functions"},"message":"[worker-~diagnostic~-56af078e-eeda-4238-b139-51c7fa629064]: exited"}}
[debug] [2020-09-13T17:42:22.344Z] [worker-~diagnostic~-56af078e-eeda-4238-b139-51c7fa629064]: FINISHED {"metadata":{"emulator":{"name":"functions"},"message":"[worker-~diagnostic~-56af078e-eeda-4238-b139-51c7fa629064]: FINISHED"}}
[debug] [2020-09-13T17:42:22.368Z] [worker-api-6195c39e-7c7b-4de4-8bec-be9ef3c08ba8]: exited {"metadata":{"emulator":{"name":"functions"},"message":"[worker-api-6195c39e-7c7b-4de4-8bec-be9ef3c08ba8]: exited"}}
[debug] [2020-09-13T17:42:22.368Z] [worker-api-6195c39e-7c7b-4de4-8bec-be9ef3c08ba8]: FINISHED {"metadata":{"emulator":{"name":"functions"},"message":"[worker-api-6195c39e-7c7b-4de4-8bec-be9ef3c08ba8]: FINISHED"}}
[debug] [2020-09-13T17:42:26.335Z] [runtime-status] [22620] Functions runtime initialized. {"cwd":"C:\\Users\\ayush.malik\\Desktop\\amazon-clone-react\\functions","node_version":"14.8.0"} {"metadata":{"emulator":{"name":"functions"},"message":"[runtime-status] [22620] Functions runtime initialized. {\"cwd\":\"C:\\\\Users\\\\ayush.malik\\\\Desktop\\\\amazon-clone-react\\\\functions\",\"node_version\":\"14.8.0\"}"}}
[debug] [2020-09-13T17:42:26.347Z] [runtime-status] [22620] Disabled runtime features: undefined {"metadata":{"emulator":{"name":"functions"},"message":"[runtime-status] [22620] Disabled runtime features: undefined"}}
[debug] [2020-09-13T17:42:26.366Z] [runtime-status] [22620] Resolved module firebase-admin {"declared":true,"installed":true,"version":"8.13.0","resolution":"C:\\Users\\ayush.malik\\Desktop\\amazon-clone-react\\functions\\node_modules\\firebase-admin\\lib\\index.js"} {"metadata":{"emulator":{"name":"functions"},"message":"[runtime-status] [22620] Resolved module firebase-admin {\"declared\":true,\"installed\":true,\"version\":\"8.13.0\",\"resolution\":\"C:\\\\Users\\\\ayush.malik\\\\Desktop\\\\amazon-clone-react\\\\functions\\\\node_modules\\\\firebase-admin\\\\lib\\\\index.js\"}"}}
[debug] [2020-09-13T17:42:26.373Z] [runtime-status] [22620] Resolved module firebase-functions {"declared":true,"installed":true,"version":"3.11.0","resolution":"C:\\Users\\ayush.malik\\Desktop\\amazon-clone-react\\functions\\node_modules\\firebase-functions\\lib\\index.js"} {"metadata":{"emulator":{"name":"functions"},"message":"[runtime-status] [22620] Resolved module firebase-functions {\"declared\":true,\"installed\":true,\"version\":\"3.11.0\",\"resolution\":\"C:\\\\Users\\\\ayush.malik\\\\Desktop\\\\amazon-clone-react\\\\functions\\\\node_modules\\\\firebase-functions\\\\lib\\\\index.js\"}"}}
[debug] [2020-09-13T17:42:26.384Z] [runtime-status] [22620] Resolved module firebase-functions {"declared":true,"installed":true,"version":"3.11.0","resolution":"C:\\Users\\ayush.malik\\Desktop\\amazon-clone-react\\functions\\node_modules\\firebase-functions\\lib\\index.js"} {"metadata":{"emulator":{"name":"functions"},"message":"[runtime-status] [22620] Resolved module firebase-functions {\"declared\":true,\"installed\":true,\"version\":\"3.11.0\",\"resolution\":\"C:\\\\Users\\\\ayush.malik\\\\Desktop\\\\amazon-clone-react\\\\functions\\\\node_modules\\\\firebase-functions\\\\lib\\\\index.js\"}"}}
[debug] [2020-09-13T17:42:26.389Z] [runtime-status] [22620] Outgoing network have been stubbed. [{"name":"http","status":"mocked"},{"name":"http","status":"mocked"},{"name":"https","status":"mocked"},{"name":"https","status":"mocked"},{"name":"net","status":"mocked"}] {"metadata":{"emulator":{"name":"functions"},"message":"[runtime-status] [22620] Outgoing network have been stubbed. [{\"name\":\"http\",\"status\":\"mocked\"},{\"name\":\"http\",\"status\":\"mocked\"},{\"name\":\"https\",\"status\":\"mocked\"},{\"name\":\"https\",\"status\":\"mocked\"},{\"name\":\"net\",\"status\":\"mocked\"}]"}}
[debug] [2020-09-13T17:42:26.393Z] [runtime-status] [22620] Resolved module firebase-functions {"declared":true,"installed":true,"version":"3.11.0","resolution":"C:\\Users\\ayush.malik\\Desktop\\amazon-clone-react\\functions\\node_modules\\firebase-functions\\lib\\index.js"} {"metadata":{"emulator":{"name":"functions"},"message":"[runtime-status] [22620] Resolved module firebase-functions {\"declared\":true,\"installed\":true,\"version\":\"3.11.0\",\"resolution\":\"C:\\\\Users\\\\ayush.malik\\\\Desktop\\\\amazon-clone-react\\\\functions\\\\node_modules\\\\firebase-functions\\\\lib\\\\index.js\"}"}}
[debug] [2020-09-13T17:42:26.627Z] [runtime-status] [22620] Checked functions.config() {"config":{}} {"metadata":{"emulator":{"name":"functions"},"message":"[runtime-status] [22620] Checked functions.config() {\"config\":{}}"}}
[debug] [2020-09-13T17:42:26.633Z] [runtime-status] [22620] firebase-functions has been stubbed. {"functionsResolution":{"declared":true,"installed":true,"version":"3.11.0","resolution":"C:\\Users\\ayush.malik\\Desktop\\amazon-clone-react\\functions\\node_modules\\firebase-functions\\lib\\index.js"}} {"metadata":{"emulator":{"name":"functions"},"message":"[runtime-status] [22620] firebase-functions has been stubbed. {\"functionsResolution\":{\"declared\":true,\"installed\":true,\"version\":\"3.11.0\",\"resolution\":\"C:\\\\Users\\\\ayush.malik\\\\Desktop\\\\amazon-clone-react\\\\functions\\\\node_modules\\\\firebase-functions\\\\lib\\\\index.js\"}}"}}
[debug] [2020-09-13T17:42:26.634Z] [runtime-status] [22620] Resolved module firebase-functions {"declared":true,"installed":true,"version":"3.11.0","resolution":"C:\\Users\\ayush.malik\\Desktop\\amazon-clone-react\\functions\\node_modules\\firebase-functions\\lib\\index.js"} {"metadata":{"emulator":{"name":"functions"},"message":"[runtime-status] [22620] Resolved module firebase-functions {\"declared\":true,\"installed\":true,\"version\":\"3.11.0\",\"resolution\":\"C:\\\\Users\\\\ayush.malik\\\\Desktop\\\\amazon-clone-react\\\\functions\\\\node_modules\\\\firebase-functions\\\\lib\\\\index.js\"}"}}
[debug] [2020-09-13T17:42:26.653Z] [runtime-status] [22620] Resolved module firebase-admin {"declared":true,"installed":true,"version":"8.13.0","resolution":"C:\\Users\\ayush.malik\\Desktop\\amazon-clone-react\\functions\\node_modules\\firebase-admin\\lib\\index.js"} {"metadata":{"emulator":{"name":"functions"},"message":"[runtime-status] [22620] Resolved module firebase-admin {\"declared\":true,\"installed\":true,\"version\":\"8.13.0\",\"resolution\":\"C:\\\\Users\\\\ayush.malik\\\\Desktop\\\\amazon-clone-react\\\\functions\\\\node_modules\\\\firebase-admin\\\\lib\\\\index.js\"}"}}
[debug] [2020-09-13T17:42:26.655Z] [runtime-status] [22620] Resolved module firebase-functions {"declared":true,"installed":true,"version":"3.11.0","resolution":"C:\\Users\\ayush.malik\\Desktop\\amazon-clone-react\\functions\\node_modules\\firebase-functions\\lib\\index.js"} {"metadata":{"emulator":{"name":"functions"},"message":"[runtime-status] [22620] Resolved module firebase-functions {\"declared\":true,\"installed\":true,\"version\":\"3.11.0\",\"resolution\":\"C:\\\\Users\\\\ayush.malik\\\\Desktop\\\\amazon-clone-react\\\\functions\\\\node_modules\\\\firebase-functions\\\\lib\\\\index.js\"}"}}
[debug] [2020-09-13T17:42:26.655Z] [runtime-status] [22620] firebase-admin has been stubbed. {"adminResolution":{"declared":true,"installed":true,"version":"8.13.0","resolution":"C:\\Users\\ayush.malik\\Desktop\\amazon-clone-react\\functions\\node_modules\\firebase-admin\\lib\\index.js"}} {"metadata":{"emulator":{"name":"functions"},"message":"[runtime-status] [22620] firebase-admin has been stubbed. {\"adminResolution\":{\"declared\":true,\"installed\":true,\"version\":\"8.13.0\",\"resolution\":\"C:\\\\Users\\\\ayush.malik\\\\Desktop\\\\amazon-clone-react\\\\functions\\\\node_modules\\\\firebase-admin\\\\lib\\\\index.js\"}}"}}
[debug] [2020-09-13T17:42:27.503Z] [worker-~diagnostic~-f677628f-f3a4-4076-9fbc-df57b8095dcf]: IDLE {"metadata":{"emulator":{"name":"functions"},"message":"[worker-~diagnostic~-f677628f-f3a4-4076-9fbc-df57b8095dcf]: IDLE"}}
[debug] [2020-09-13T17:42:43.583Z] [work-queue] {"queueLength":1,"workRunningCount":0}
[debug] [2020-09-13T17:42:43.583Z] [work-queue] {"queueLength":0,"workRunningCount":1}
[debug] [2020-09-13T17:42:43.583Z] Accepted request GET /amzon-clone/us-central1/api --> api
[debug] [2020-09-13T17:42:43.584Z] [worker-pool] Cleaned up workers for ~diagnostic~: 2 --> 1 {"metadata":{"emulator":{"name":"functions"},"message":"[worker-pool] Cleaned up workers for ~diagnostic~: 2 --> 1"}}
[debug] [2020-09-13T17:42:43.584Z] [worker-pool] Cleaned up workers for api: 1 --> 0 {"metadata":{"emulator":{"name":"functions"},"message":"[worker-pool] Cleaned up workers for api: 1 --> 0"}}
[debug] [2020-09-13T17:42:43.616Z] [worker-pool] addWorker(api) {"metadata":{"emulator":{"name":"functions"},"message":"[worker-pool] addWorker(api)"}}
[debug] [2020-09-13T17:42:43.616Z] [worker-pool] Adding worker with key api, total=1 {"metadata":{"emulator":{"name":"functions"},"message":"[worker-pool] Adding worker with key api, total=1"}}
[debug] [2020-09-13T17:42:43.617Z] [worker-pool] submitWork(triggerId=api) {"metadata":{"emulator":{"name":"functions"},"message":"[worker-pool] submitWork(triggerId=api)"}}
[debug] [2020-09-13T17:42:43.617Z] [worker-api-76bba119-7e91-4d09-9b55-ae6781bbb8e9]: Assigning socketPath: \\?\pipe\C:\Users\ayush.malik\Desktop\amazon-clone-react\functions\21756 {"metadata":{"emulator":{"name":"functions"},"message":"[worker-api-76bba119-7e91-4d09-9b55-ae6781bbb8e9]: Assigning socketPath: \\\\?\\pipe\\C:\\Users\\ayush.malik\\Desktop\\amazon-clone-react\\functions\\21756"}}
[debug] [2020-09-13T17:42:43.617Z] [worker-api-76bba119-7e91-4d09-9b55-ae6781bbb8e9]: BUSY {"metadata":{"emulator":{"name":"functions"},"message":"[worker-api-76bba119-7e91-4d09-9b55-ae6781bbb8e9]: BUSY"}}
[debug] [2020-09-13T17:42:47.603Z] [runtime-status] [21756] Functions runtime initialized. {"cwd":"C:\\Users\\ayush.malik\\Desktop\\amazon-clone-react\\functions","node_version":"14.8.0"} {"metadata":{"emulator":{"name":"functions"},"function":{"name":"api"},"message":"[runtime-status] [21756] Functions runtime initialized. {\"cwd\":\"C:\\\\Users\\\\ayush.malik\\\\Desktop\\\\amazon-clone-react\\\\functions\",\"node_version\":\"14.8.0\"}"}}
[debug] [2020-09-13T17:42:47.623Z] [runtime-status] [21756] Disabled runtime features: undefined {"metadata":{"emulator":{"name":"functions"},"function":{"name":"api"},"message":"[runtime-status] [21756] Disabled runtime features: undefined"}}
[debug] [2020-09-13T17:42:47.652Z] [runtime-status] [21756] Resolved module firebase-admin {"declared":true,"installed":true,"version":"8.13.0","resolution":"C:\\Users\\ayush.malik\\Desktop\\amazon-clone-react\\functions\\node_modules\\firebase-admin\\lib\\index.js"} {"metadata":{"emulator":{"name":"functions"},"function":{"name":"api"},"message":"[runtime-status] [21756] Resolved module firebase-admin {\"declared\":true,\"installed\":true,\"version\":\"8.13.0\",\"resolution\":\"C:\\\\Users\\\\ayush.malik\\\\Desktop\\\\amazon-clone-react\\\\functions\\\\node_modules\\\\firebase-admin\\\\lib\\\\index.js\"}"}}
[debug] [2020-09-13T17:42:47.659Z] [runtime-status] [21756] Resolved module firebase-functions {"declared":true,"installed":true,"version":"3.11.0","resolution":"C:\\Users\\ayush.malik\\Desktop\\amazon-clone-react\\functions\\node_modules\\firebase-functions\\lib\\index.js"} {"metadata":{"emulator":{"name":"functions"},"function":{"name":"api"},"message":"[runtime-status] [21756] Resolved module firebase-functions {\"declared\":true,\"installed\":true,\"version\":\"3.11.0\",\"resolution\":\"C:\\\\Users\\\\ayush.malik\\\\Desktop\\\\amazon-clone-react\\\\functions\\\\node_modules\\\\firebase-functions\\\\lib\\\\index.js\"}"}}
[debug] [2020-09-13T17:42:47.671Z] [runtime-status] [21756] Resolved module firebase-functions {"declared":true,"installed":true,"version":"3.11.0","resolution":"C:\\Users\\ayush.malik\\Desktop\\amazon-clone-react\\functions\\node_modules\\firebase-functions\\lib\\index.js"} {"metadata":{"emulator":{"name":"functions"},"function":{"name":"api"},"message":"[runtime-status] [21756] Resolved module firebase-functions {\"declared\":true,\"installed\":true,\"version\":\"3.11.0\",\"resolution\":\"C:\\\\Users\\\\ayush.malik\\\\Desktop\\\\amazon-clone-react\\\\functions\\\\node_modules\\\\firebase-functions\\\\lib\\\\index.js\"}"}}
[debug] [2020-09-13T17:42:47.676Z] [runtime-status] [21756] Outgoing network have been stubbed. [{"name":"http","status":"mocked"},{"name":"http","status":"mocked"},{"name":"https","status":"mocked"},{"name":"https","status":"mocked"},{"name":"net","status":"mocked"}] {"metadata":{"emulator":{"name":"functions"},"function":{"name":"api"},"message":"[runtime-status] [21756] Outgoing network have been stubbed. [{\"name\":\"http\",\"status\":\"mocked\"},{\"name\":\"http\",\"status\":\"mocked\"},{\"name\":\"https\",\"status\":\"mocked\"},{\"name\":\"https\",\"status\":\"mocked\"},{\"name\":\"net\",\"status\":\"mocked\"}]"}}
[debug] [2020-09-13T17:42:47.680Z] [runtime-status] [21756] Resolved module firebase-functions {"declared":true,"installed":true,"version":"3.11.0","resolution":"C:\\Users\\ayush.malik\\Desktop\\amazon-clone-react\\functions\\node_modules\\firebase-functions\\lib\\index.js"} {"metadata":{"emulator":{"name":"functions"},"function":{"name":"api"},"message":"[runtime-status] [21756] Resolved module firebase-functions {\"declared\":true,\"installed\":true,\"version\":\"3.11.0\",\"resolution\":\"C:\\\\Users\\\\ayush.malik\\\\Desktop\\\\amazon-clone-react\\\\functions\\\\node_modules\\\\firebase-functions\\\\lib\\\\index.js\"}"}}
[debug] [2020-09-13T17:42:47.875Z] [runtime-status] [21756] Checked functions.config() {"config":{}} {"metadata":{"emulator":{"name":"functions"},"function":{"name":"api"},"message":"[runtime-status] [21756] Checked functions.config() {\"config\":{}}"}}
[debug] [2020-09-13T17:42:47.875Z] [runtime-status] [21756] firebase-functions has been stubbed. {"functionsResolution":{"declared":true,"installed":true,"version":"3.11.0","resolution":"C:\\Users\\ayush.malik\\Desktop\\amazon-clone-react\\functions\\node_modules\\firebase-functions\\lib\\index.js"}} {"metadata":{"emulator":{"name":"functions"},"function":{"name":"api"},"message":"[runtime-status] [21756] firebase-functions has been stubbed. {\"functionsResolution\":{\"declared\":true,\"installed\":true,\"version\":\"3.11.0\",\"resolution\":\"C:\\\\Users\\\\ayush.malik\\\\Desktop\\\\amazon-clone-react\\\\functions\\\\node_modules\\\\firebase-functions\\\\lib\\\\index.js\"}}"}}
[debug] [2020-09-13T17:42:47.878Z] [runtime-status] [21756] Resolved module firebase-functions {"declared":true,"installed":true,"version":"3.11.0","resolution":"C:\\Users\\ayush.malik\\Desktop\\amazon-clone-react\\functions\\node_modules\\firebase-functions\\lib\\index.js"} {"metadata":{"emulator":{"name":"functions"},"function":{"name":"api"},"message":"[runtime-status] [21756] Resolved module firebase-functions {\"declared\":true,\"installed\":true,\"version\":\"3.11.0\",\"resolution\":\"C:\\\\Users\\\\ayush.malik\\\\Desktop\\\\amazon-clone-react\\\\functions\\\\node_modules\\\\firebase-functions\\\\lib\\\\index.js\"}"}}
[debug] [2020-09-13T17:42:47.885Z] [runtime-status] [21756] Resolved module firebase-admin {"declared":true,"installed":true,"version":"8.13.0","resolution":"C:\\Users\\ayush.malik\\Desktop\\amazon-clone-react\\functions\\node_modules\\firebase-admin\\lib\\index.js"} {"metadata":{"emulator":{"name":"functions"},"function":{"name":"api"},"message":"[runtime-status] [21756] Resolved module firebase-admin {\"declared\":true,\"installed\":true,\"version\":\"8.13.0\",\"resolution\":\"C:\\\\Users\\\\ayush.malik\\\\Desktop\\\\amazon-clone-react\\\\functions\\\\node_modules\\\\firebase-admin\\\\lib\\\\index.js\"}"}}
[debug] [2020-09-13T17:42:47.888Z] [runtime-status] [21756] Resolved module firebase-functions {"declared":true,"installed":true,"version":"3.11.0","resolution":"C:\\Users\\ayush.malik\\Desktop\\amazon-clone-react\\functions\\node_modules\\firebase-functions\\lib\\index.js"} {"metadata":{"emulator":{"name":"functions"},"function":{"name":"api"},"message":"[runtime-status] [21756] Resolved module firebase-functions {\"declared\":true,\"installed\":true,\"version\":\"3.11.0\",\"resolution\":\"C:\\\\Users\\\\ayush.malik\\\\Desktop\\\\amazon-clone-react\\\\functions\\\\node_modules\\\\firebase-functions\\\\lib\\\\index.js\"}"}}
[debug] [2020-09-13T17:42:47.889Z] [runtime-status] [21756] firebase-admin has been stubbed. {"adminResolution":{"declared":true,"installed":true,"version":"8.13.0","resolution":"C:\\Users\\ayush.malik\\Desktop\\amazon-clone-react\\functions\\node_modules\\firebase-admin\\lib\\index.js"}} {"metadata":{"emulator":{"name":"functions"},"function":{"name":"api"},"message":"[runtime-status] [21756] firebase-admin has been stubbed. {\"adminResolution\":{\"declared\":true,\"installed\":true,\"version\":\"8.13.0\",\"resolution\":\"C:\\\\Users\\\\ayush.malik\\\\Desktop\\\\amazon-clone-react\\\\functions\\\\node_modules\\\\firebase-admin\\\\lib\\\\index.js\"}}"}}
[debug] [2020-09-13T17:42:48.746Z] [runtime-status] [21756] Trigger "api" has been found, beginning invocation! {"metadata":{"emulator":{"name":"functions"},"function":{"name":"api"},"message":"[runtime-status] [21756] Trigger \"api\" has been found, beginning invocation!"}}
[info] i  functions: Beginning execution of "api" {"metadata":{"emulator":{"name":"functions"},"function":{"name":"api"},"message":"Beginning execution of \"api\""}}
[debug] [2020-09-13T17:42:48.750Z] [runtime-status] [21756] triggerDefinition {"httpsTrigger":{},"name":"api","entryPoint":"api"} {"metadata":{"emulator":{"name":"functions"},"function":{"name":"api"},"message":"[runtime-status] [21756] triggerDefinition {\"httpsTrigger\":{},\"name\":\"api\",\"entryPoint\":\"api\"}"}}
[debug] [2020-09-13T17:42:48.750Z] [runtime-status] [21756] Running api in mode HTTPS {"metadata":{"emulator":{"name":"functions"},"function":{"name":"api"},"message":"[runtime-status] [21756] Running api in mode HTTPS"}}
[debug] [2020-09-13T17:42:48.761Z] [runtime-status] [21756] Attempting to listen to socketPath: \\?\pipe\C:\Users\ayush.malik\Desktop\amazon-clone-react\functions\21756 {"metadata":{"emulator":{"name":"functions"},"function":{"name":"api"},"message":"[runtime-status] [21756] Attempting to listen to socketPath: \\\\?\\pipe\\C:\\Users\\ayush.malik\\Desktop\\amazon-clone-react\\functions\\21756"}}
[debug] [2020-09-13T17:42:48.774Z] [functions] Runtime ready! Sending request! {"metadata":{"emulator":{"name":"functions"},"message":"[functions] Runtime ready! Sending request!"}}
[debug] [2020-09-13T17:42:48.789Z] [runtime-status] [21756] Ephemeral server handling GET request {"metadata":{"emulator":{"name":"functions"},"function":{"name":"api"},"message":"[runtime-status] [21756] Ephemeral server handling GET request"}}
[debug] [2020-09-13T17:42:48.839Z] [runtime-status] [21756] Ephemeral server survived. {"metadata":{"emulator":{"name":"functions"},"function":{"name":"api"},"message":"[runtime-status] [21756] Ephemeral server survived."}}
[info] i  functions: Finished "api" in ~1s {"metadata":{"emulator":{"name":"functions"},"function":{"name":"api"},"message":"Finished \"api\" in ~1s"}}
[debug] [2020-09-13T17:42:48.855Z] [worker-api-76bba119-7e91-4d09-9b55-ae6781bbb8e9]: IDLE {"metadata":{"emulator":{"name":"functions"},"message":"[worker-api-76bba119-7e91-4d09-9b55-ae6781bbb8e9]: IDLE"}}
[debug] [2020-09-13T17:42:48.855Z] [work-queue] {"queueLength":0,"workRunningCount":0}
[debug] [2020-09-13T17:42:57.862Z] [work-queue] {"queueLength":1,"workRunningCount":0}
[debug] [2020-09-13T17:42:57.862Z] [work-queue] {"queueLength":0,"workRunningCount":1}
[debug] [2020-09-13T17:42:57.863Z] Accepted request POST /amzon-clone/us-central1/api/payments/create?total=367 --> api
[debug] [2020-09-13T17:42:57.863Z] [worker-pool] submitWork(triggerId=api) {"metadata":{"emulator":{"name":"functions"},"message":"[worker-pool] submitWork(triggerId=api)"}}
[debug] [2020-09-13T17:42:57.863Z] [worker-api-76bba119-7e91-4d09-9b55-ae6781bbb8e9]: Assigning socketPath: \\?\pipe\C:\Users\ayush.malik\Desktop\amazon-clone-react\functions\21756 {"metadata":{"emulator":{"name":"functions"},"message":"[worker-api-76bba119-7e91-4d09-9b55-ae6781bbb8e9]: Assigning socketPath: \\\\?\\pipe\\C:\\Users\\ayush.malik\\Desktop\\amazon-clone-react\\functions\\21756"}}
[debug] [2020-09-13T17:42:57.863Z] [worker-api-76bba119-7e91-4d09-9b55-ae6781bbb8e9]: BUSY {"metadata":{"emulator":{"name":"functions"},"message":"[worker-api-76bba119-7e91-4d09-9b55-ae6781bbb8e9]: BUSY"}}
[debug] [2020-09-13T17:42:57.864Z] [runtime-status] [21756] Trigger "api" has been found, beginning invocation! {"metadata":{"emulator":{"name":"functions"},"function":{"name":"api"},"message":"[runtime-status] [21756] Trigger \"api\" has been found, beginning invocation!"}}
[info] i  functions: Beginning execution of "api" {"metadata":{"emulator":{"name":"functions"},"function":{"name":"api"},"message":"Beginning execution of \"api\""}}
[debug] [2020-09-13T17:42:57.871Z] [runtime-status] [21756] triggerDefinition {"httpsTrigger":{},"name":"api","entryPoint":"api"} {"metadata":{"emulator":{"name":"functions"},"function":{"name":"api"},"message":"[runtime-status] [21756] triggerDefinition {\"httpsTrigger\":{},\"name\":\"api\",\"entryPoint\":\"api\"}"}}
[debug] [2020-09-13T17:42:57.872Z] [runtime-status] [21756] Running api in mode HTTPS {"metadata":{"emulator":{"name":"functions"},"function":{"name":"api"},"message":"[runtime-status] [21756] Running api in mode HTTPS"}}
[debug] [2020-09-13T17:42:57.872Z] [runtime-status] [21756] Attempting to listen to socketPath: \\?\pipe\C:\Users\ayush.malik\Desktop\amazon-clone-react\functions\21756 {"metadata":{"emulator":{"name":"functions"},"function":{"name":"api"},"message":"[runtime-status] [21756] Attempting to listen to socketPath: \\\\?\\pipe\\C:\\Users\\ayush.malik\\Desktop\\amazon-clone-react\\functions\\21756"}}
[debug] [2020-09-13T17:42:57.875Z] [functions] Runtime ready! Sending request! {"metadata":{"emulator":{"name":"functions"},"message":"[functions] Runtime ready! Sending request!"}}
[debug] [2020-09-13T17:42:57.882Z] [runtime-status] [21756] Ephemeral server handling POST request {"metadata":{"emulator":{"name":"functions"},"function":{"name":"api"},"message":"[runtime-status] [21756] Ephemeral server handling POST request"}}
[info] >  Payment Request Recieved BOOM!!! for this amount >>>  367 {"user":"Payment Request Recieved BOOM!!! for this amount >>>  367","metadata":{"emulator":{"name":"functions"},"function":{"name":"api"},"message":"\u001b[90m> \u001b[39m Payment Request Recieved BOOM!!! for this amount >>>  367"}}
[debug] [2020-09-13T17:42:57.967Z] [runtime-status] [21756] Ephemeral server survived. {"metadata":{"emulator":{"name":"functions"},"function":{"name":"api"},"message":"[runtime-status] [21756] Ephemeral server survived."}}
[info] i  functions: Finished "api" in ~8s {"metadata":{"emulator":{"name":"functions"},"function":{"name":"api"},"message":"Finished \"api\" in ~8s"}}
[debug] [2020-09-13T17:43:06.340Z] [worker-api-76bba119-7e91-4d09-9b55-ae6781bbb8e9]: IDLE {"metadata":{"emulator":{"name":"functions"},"message":"[worker-api-76bba119-7e91-4d09-9b55-ae6781bbb8e9]: IDLE"}}
[debug] [2020-09-13T17:43:06.341Z] [work-queue] {"queueLength":0,"workRunningCount":0}
[debug] [2020-09-13T17:44:52.922Z] [work-queue] {"queueLength":1,"workRunningCount":0}
[debug] [2020-09-13T17:44:52.923Z] [work-queue] {"queueLength":0,"workRunningCount":1}
[debug] [2020-09-13T17:44:52.923Z] Accepted request POST /amzon-clone/us-central1/api/payments/create?total=0 --> api
[debug] [2020-09-13T17:44:52.923Z] [worker-pool] submitWork(triggerId=api) {"metadata":{"emulator":{"name":"functions"},"message":"[worker-pool] submitWork(triggerId=api)"}}
[debug] [2020-09-13T17:44:52.924Z] [worker-api-76bba119-7e91-4d09-9b55-ae6781bbb8e9]: Assigning socketPath: \\?\pipe\C:\Users\ayush.malik\Desktop\amazon-clone-react\functions\21756 {"metadata":{"emulator":{"name":"functions"},"message":"[worker-api-76bba119-7e91-4d09-9b55-ae6781bbb8e9]: Assigning socketPath: \\\\?\\pipe\\C:\\Users\\ayush.malik\\Desktop\\amazon-clone-react\\functions\\21756"}}
[debug] [2020-09-13T17:44:52.924Z] [worker-api-76bba119-7e91-4d09-9b55-ae6781bbb8e9]: BUSY {"metadata":{"emulator":{"name":"functions"},"message":"[worker-api-76bba119-7e91-4d09-9b55-ae6781bbb8e9]: BUSY"}}
[debug] [2020-09-13T17:44:52.925Z] [runtime-status] [21756] Trigger "api" has been found, beginning invocation! {"metadata":{"emulator":{"name":"functions"},"function":{"name":"api"},"message":"[runtime-status] [21756] Trigger \"api\" has been found, beginning invocation!"}}
[info] i  functions: Beginning execution of "api" {"metadata":{"emulator":{"name":"functions"},"function":{"name":"api"},"message":"Beginning execution of \"api\""}}
[debug] [2020-09-13T17:44:52.927Z] [runtime-status] [21756] triggerDefinition {"httpsTrigger":{},"name":"api","entryPoint":"api"} {"metadata":{"emulator":{"name":"functions"},"function":{"name":"api"},"message":"[runtime-status] [21756] triggerDefinition {\"httpsTrigger\":{},\"name\":\"api\",\"entryPoint\":\"api\"}"}}
[debug] [2020-09-13T17:44:52.928Z] [runtime-status] [21756] Running api in mode HTTPS {"metadata":{"emulator":{"name":"functions"},"function":{"name":"api"},"message":"[runtime-status] [21756] Running api in mode HTTPS"}}
[debug] [2020-09-13T17:44:52.928Z] [runtime-status] [21756] Attempting to listen to socketPath: \\?\pipe\C:\Users\ayush.malik\Desktop\amazon-clone-react\functions\21756 {"metadata":{"emulator":{"name":"functions"},"function":{"name":"api"},"message":"[runtime-status] [21756] Attempting to listen to socketPath: \\\\?\\pipe\\C:\\Users\\ayush.malik\\Desktop\\amazon-clone-react\\functions\\21756"}}
[debug] [2020-09-13T17:44:52.933Z] [functions] Runtime ready! Sending request! {"metadata":{"emulator":{"name":"functions"},"message":"[functions] Runtime ready! Sending request!"}}
[debug] [2020-09-13T17:44:52.940Z] [runtime-status] [21756] Ephemeral server handling POST request {"metadata":{"emulator":{"name":"functions"},"function":{"name":"api"},"message":"[runtime-status] [21756] Ephemeral server handling POST request"}}
[info] >  Payment Request Recieved BOOM!!! for this amount >>>  0 {"user":"Payment Request Recieved BOOM!!! for this amount >>>  0","metadata":{"emulator":{"name":"functions"},"function":{"name":"api"},"message":"\u001b[90m> \u001b[39m Payment Request Recieved BOOM!!! for this amount >>>  0"}}
[debug] [2020-09-13T17:44:52.946Z] [runtime-status] [21756] Ephemeral server survived. {"metadata":{"emulator":{"name":"functions"},"function":{"name":"api"},"message":"[runtime-status] [21756] Ephemeral server survived."}}
[info] >  (node:21756) UnhandledPromiseRejectionWarning: Error: This value must be greater than or equal to 1. {"user":"(node:21756) UnhandledPromiseRejectionWarning: Error: This value must be greater than or equal to 1.","metadata":{"emulator":{"name":"functions"},"function":{"name":"api"},"message":"\u001b[90m> \u001b[39m (node:21756) UnhandledPromiseRejectionWarning: Error: This value must be greater than or equal to 1."}}
[info] >      at Function.generate (C:\Users\ayush.malik\Desktop\amazon-clone-react\functions\node_modules\stripe\lib\Error.js:39:16) {"user":"    at Function.generate (C:\\Users\\ayush.malik\\Desktop\\amazon-clone-react\\functions\\node_modules\\stripe\\lib\\Error.js:39:16)","metadata":{"emulator":{"name":"functions"},"function":{"name":"api"},"message":"\u001b[90m> \u001b[39m     at Function.generate (C:\\Users\\ayush.malik\\Desktop\\amazon-clone-react\\functions\\node_modules\\stripe\\lib\\Error.js:39:16)"}}
[info] >      at IncomingMessage.<anonymous> (C:\Users\ayush.malik\Desktop\amazon-clone-react\functions\node_modules\stripe\lib\StripeResource.js:190:33) {"user":"    at IncomingMessage.<anonymous> (C:\\Users\\ayush.malik\\Desktop\\amazon-clone-react\\functions\\node_modules\\stripe\\lib\\StripeResource.js:190:33)","metadata":{"emulator":{"name":"functions"},"function":{"name":"api"},"message":"\u001b[90m> \u001b[39m     at IncomingMessage.<anonymous> (C:\\Users\\ayush.malik\\Desktop\\amazon-clone-react\\functions\\node_modules\\stripe\\lib\\StripeResource.js:190:33)"}}
[info] >      at Object.onceWrapper (events.js:420:28) {"user":"    at Object.onceWrapper (events.js:420:28)","metadata":{"emulator":{"name":"functions"},"function":{"name":"api"},"message":"\u001b[90m> \u001b[39m     at Object.onceWrapper (events.js:420:28)"}}
[info] >      at IncomingMessage.emit (events.js:326:22) {"user":"    at IncomingMessage.emit (events.js:326:22)","metadata":{"emulator":{"name":"functions"},"function":{"name":"api"},"message":"\u001b[90m> \u001b[39m     at IncomingMessage.emit (events.js:326:22)"}}
[info] >      at endReadableNT (_stream_readable.js:1244:12) {"user":"    at endReadableNT (_stream_readable.js:1244:12)","metadata":{"emulator":{"name":"functions"},"function":{"name":"api"},"message":"\u001b[90m> \u001b[39m     at endReadableNT (_stream_readable.js:1244:12)"}}
[info] >      at processTicksAndRejections (internal/process/task_queues.js:80:21) {"user":"    at processTicksAndRejections (internal/process/task_queues.js:80:21)","metadata":{"emulator":{"name":"functions"},"function":{"name":"api"},"message":"\u001b[90m> \u001b[39m     at processTicksAndRejections (internal/process/task_queues.js:80:21)"}}
[info] >  (Use `node --trace-warnings ...` to show where the warning was created) {"user":"(Use `node --trace-warnings ...` to show where the warning was created)","metadata":{"emulator":{"name":"functions"},"function":{"name":"api"},"message":"\u001b[90m> \u001b[39m (Use `node --trace-warnings ...` to show where the warning was created)"}}
[info] >  (node:21756) UnhandledPromiseRejectionWarning: Unhandled promise rejection. This error originated either by throwing inside of an async function without a catch block, or by rejecting a promise which was not handled with .catch(). To terminate the node process on unhandled promise rejection, use the CLI flag `--unhandled-rejections=strict` (see https://nodejs.org/api/cli.html#cli_unhandled_rejections_mode). (rejection id: 1) {"user":"(node:21756) UnhandledPromiseRejectionWarning: Unhandled promise rejection. This error originated either by throwing inside of an async function without a catch block, or by rejecting a promise which was not handled with .catch(). To terminate the node process on unhandled promise rejection, use the CLI flag `--unhandled-rejections=strict` (see https://nodejs.org/api/cli.html#cli_unhandled_rejections_mode). (rejection id: 1)","metadata":{"emulator":{"name":"functions"},"function":{"name":"api"},"message":"\u001b[90m> \u001b[39m (node:21756) UnhandledPromiseRejectionWarning: Unhandled promise rejection. This error originated either by throwing inside of an async function without a catch block, or by rejecting a promise which was not handled with .catch(). To terminate the node process on unhandled promise rejection, use the CLI flag `--unhandled-rejections=strict` (see https://nodejs.org/api/cli.html#cli_unhandled_rejections_mode). (rejection id: 1)"}}
[info] >  (node:21756) [DEP0018] DeprecationWarning: Unhandled promise rejections are deprecated. In the future, promise rejections that are not handled will terminate the Node.js process with a non-zero exit code. {"user":"(node:21756) [DEP0018] DeprecationWarning: Unhandled promise rejections are deprecated. In the future, promise rejections that are not handled will terminate the Node.js process with a non-zero exit code.","metadata":{"emulator":{"name":"functions"},"function":{"name":"api"},"message":"\u001b[90m> \u001b[39m (node:21756) [DEP0018] DeprecationWarning: Unhandled promise rejections are deprecated. In the future, promise rejections that are not handled will terminate the Node.js process with a non-zero exit code."}}
[warn] !  functions: Your function timed out after ~60s. To configure this timeout, see
      https://firebase.google.com/docs/functions/manage-functions#set_timeout_and_memory_allocation. {"metadata":{"emulator":{"name":"functions"},"function":{"name":"api"},"message":"Your function timed out after ~60s. To configure this timeout, see\n      https://firebase.google.com/docs/functions/manage-functions#set_timeout_and_memory_allocation."}}
[info] >  C:\Users\ayush.malik\AppData\Roaming\npm\node_modules\firebase-tools\lib\emulator\functionsEmulatorRuntime.js:642 {"user":"C:\\Users\\ayush.malik\\AppData\\Roaming\\npm\\node_modules\\firebase-tools\\lib\\emulator\\functionsEmulatorRuntime.js:642\r","metadata":{"emulator":{"name":"functions"},"function":{"name":"api"},"message":"\u001b[90m> \u001b[39m C:\\Users\\ayush.malik\\AppData\\Roaming\\npm\\node_modules\\firebase-tools\\lib\\emulator\\functionsEmulatorRuntime.js:642\r"}}
[info] >                  throw new Error("Function timed out."); {"user":"                throw new Error(\"Function timed out.\");\r","metadata":{"emulator":{"name":"functions"},"function":{"name":"api"},"message":"\u001b[90m> \u001b[39m                 throw new Error(\"Function timed out.\");\r"}}
[info] >                  ^ {"user":"                ^\r","metadata":{"emulator":{"name":"functions"},"function":{"name":"api"},"message":"\u001b[90m> \u001b[39m                 ^\r"}}
[info] >   {"user":"\r","metadata":{"emulator":{"name":"functions"},"function":{"name":"api"},"message":"\u001b[90m> \u001b[39m \r"}}
[info] >  Error: Function timed out. {"user":"Error: Function timed out.\r","metadata":{"emulator":{"name":"functions"},"function":{"name":"api"},"message":"\u001b[90m> \u001b[39m Error: Function timed out.\r"}}
[info] >      at Timeout._onTimeout (C:\Users\ayush.malik\AppData\Roaming\npm\node_modules\firebase-tools\lib\emulator\functionsEmulatorRuntime.js:642:23) {"user":"    at Timeout._onTimeout (C:\\Users\\ayush.malik\\AppData\\Roaming\\npm\\node_modules\\firebase-tools\\lib\\emulator\\functionsEmulatorRuntime.js:642:23)\r","metadata":{"emulator":{"name":"functions"},"function":{"name":"api"},"message":"\u001b[90m> \u001b[39m     at Timeout._onTimeout (C:\\Users\\ayush.malik\\AppData\\Roaming\\npm\\node_modules\\firebase-tools\\lib\\emulator\\functionsEmulatorRuntime.js:642:23)\r"}}
[info] >      at listOnTimeout (internal/timers.js:551:17) {"user":"    at listOnTimeout (internal/timers.js:551:17)\r","metadata":{"emulator":{"name":"functions"},"function":{"name":"api"},"message":"\u001b[90m> \u001b[39m     at listOnTimeout (internal/timers.js:551:17)\r"}}
[info] >      at processTimers (internal/timers.js:494:7) {"user":"    at processTimers (internal/timers.js:494:7)\r","metadata":{"emulator":{"name":"functions"},"function":{"name":"api"},"message":"\u001b[90m> \u001b[39m     at processTimers (internal/timers.js:494:7)\r"}}
[debug] [2020-09-13T17:45:53.744Z] [worker-api-76bba119-7e91-4d09-9b55-ae6781bbb8e9]: exited {"metadata":{"emulator":{"name":"functions"},"message":"[worker-api-76bba119-7e91-4d09-9b55-ae6781bbb8e9]: exited"}}
[debug] [2020-09-13T17:45:53.745Z] [worker-api-76bba119-7e91-4d09-9b55-ae6781bbb8e9]: FINISHED {"metadata":{"emulator":{"name":"functions"},"message":"[worker-api-76bba119-7e91-4d09-9b55-ae6781bbb8e9]: FINISHED"}}
[debug] [2020-09-13T17:45:53.745Z] [work-queue] {"queueLength":0,"workRunningCount":0}
[debug] [2020-09-13T17:58:51.429Z] File C:\Users\ayush.malik\Desktop\amazon-clone-react\functions\index.js changed, reloading triggers {"metadata":{"emulator":{"name":"functions"},"message":"File C:\\Users\\ayush.malik\\Desktop\\amazon-clone-react\\functions\\index.js changed, reloading triggers"}}
[debug] [2020-09-13T17:58:52.435Z] [worker-pool] Shutting down IDLE worker (~diagnostic~) {"metadata":{"emulator":{"name":"functions"},"message":"[worker-pool] Shutting down IDLE worker (~diagnostic~)"}}
[debug] [2020-09-13T17:58:52.436Z] [worker-~diagnostic~-f677628f-f3a4-4076-9fbc-df57b8095dcf]: FINISHING {"metadata":{"emulator":{"name":"functions"},"message":"[worker-~diagnostic~-f677628f-f3a4-4076-9fbc-df57b8095dcf]: FINISHING"}}
[debug] [2020-09-13T17:58:52.437Z] [worker-pool] Cleaned up workers for api: 1 --> 0 {"metadata":{"emulator":{"name":"functions"},"message":"[worker-pool] Cleaned up workers for api: 1 --> 0"}}
[debug] [2020-09-13T17:58:53.829Z] [worker-pool] addWorker(~diagnostic~) {"metadata":{"emulator":{"name":"functions"},"message":"[worker-pool] addWorker(~diagnostic~)"}}
[debug] [2020-09-13T17:58:53.829Z] [worker-pool] Adding worker with key ~diagnostic~, total=2 {"metadata":{"emulator":{"name":"functions"},"message":"[worker-pool] Adding worker with key ~diagnostic~, total=2"}}
[debug] [2020-09-13T17:58:53.829Z] [worker-pool] submitWork(triggerId=) {"metadata":{"emulator":{"name":"functions"},"message":"[worker-pool] submitWork(triggerId=)"}}
[debug] [2020-09-13T17:58:53.830Z] [worker-~diagnostic~-20770815-6f29-49f1-a45a-5ec272c5ad82]: Assigning socketPath: \\?\pipe\C:\Users\ayush.malik\Desktop\amazon-clone-react\functions\13704 {"metadata":{"emulator":{"name":"functions"},"message":"[worker-~diagnostic~-20770815-6f29-49f1-a45a-5ec272c5ad82]: Assigning socketPath: \\\\?\\pipe\\C:\\Users\\ayush.malik\\Desktop\\amazon-clone-react\\functions\\13704"}}
[debug] [2020-09-13T17:58:53.830Z] [worker-~diagnostic~-20770815-6f29-49f1-a45a-5ec272c5ad82]: BUSY {"metadata":{"emulator":{"name":"functions"},"message":"[worker-~diagnostic~-20770815-6f29-49f1-a45a-5ec272c5ad82]: BUSY"}}
[debug] [2020-09-13T17:58:53.833Z] [worker-~diagnostic~-f677628f-f3a4-4076-9fbc-df57b8095dcf]: exited {"metadata":{"emulator":{"name":"functions"},"message":"[worker-~diagnostic~-f677628f-f3a4-4076-9fbc-df57b8095dcf]: exited"}}
[debug] [2020-09-13T17:58:53.833Z] [worker-~diagnostic~-f677628f-f3a4-4076-9fbc-df57b8095dcf]: FINISHED {"metadata":{"emulator":{"name":"functions"},"message":"[worker-~diagnostic~-f677628f-f3a4-4076-9fbc-df57b8095dcf]: FINISHED"}}
